<?xml version="1.0" encoding="UTF-8"?>
<!-- Generated by org.testng.reporters.JUnitReportReporter -->
<testsuite hostname="LAPTOP-0PHUSTBA" failures="0" tests="1" name="com.Test.Test2" time="0.008" errors="0" timestamp="2023-04-15T21:53:29 IST" skipped="0">
  <testcase classname="com.Test.Test2" name="HomePage_verify" time="0.008"/>
  <system-out/>
</testsuite> <!-- com.Test.Test2 -->
